<?xml version="1.0" encoding="UTF-8"?>
<testsuite xmlns:xsi="http://www.w3.org/2001/XMLSchema-instance" xsi:noNamespaceSchemaLocation="https://maven.apache.org/surefire/maven-surefire-plugin/xsd/surefire-test-report-3.0.xsd" version="3.0" name="de.hpi.bpt.scylla.test.plugin_loader.PluginNotClearedRegressionTests" time="0.004" tests="1" errors="0" skipped="0" failures="0">
  <properties>
    <property name="java.specification.version" value="13"/>
    <property name="sun.jnu.encoding" value="UTF-8"/>
    <property name="java.class.path" value="/home/doga/testodev/tutkuOdev/scylla/target/test-classes:/home/doga/testodev/tutkuOdev/scylla/target/classes:/home/doga/.m2/repository/org/jdom/jdom2/2.0.6/jdom2-2.0.6.jar:/home/doga/.m2/repository/org/deckfour/openxes/20160212/openxes-20160212.jar:/home/doga/.m2/repository/org/deckfour/openxes-xstream/20160212/openxes-xstream-20160212.jar:/home/doga/.m2/repository/org/deckfour/ospex/1.0/ospex-1.0.jar:/home/doga/.m2/repository/desmoj/desmoj/2.5.1/desmoj-2.5.1.jar:/home/doga/.m2/repository/org/junit/jupiter/junit-jupiter-engine/5.3.1/junit-jupiter-engine-5.3.1.jar:/home/doga/.m2/repository/org/apiguardian/apiguardian-api/1.0.0/apiguardian-api-1.0.0.jar:/home/doga/.m2/repository/org/junit/platform/junit-platform-engine/1.3.1/junit-platform-engine-1.3.1.jar:/home/doga/.m2/repository/org/junit/platform/junit-platform-commons/1.3.1/junit-platform-commons-1.3.1.jar:/home/doga/.m2/repository/org/opentest4j/opentest4j/1.1.1/opentest4j-1.1.1.jar:/home/doga/.m2/repository/org/junit/jupiter/junit-jupiter-api/5.3.1/junit-jupiter-api-5.3.1.jar:/home/doga/.m2/repository/org/junit/jupiter/junit-jupiter-params/5.3.1/junit-jupiter-params-5.3.1.jar:/home/doga/.m2/repository/org/junit/platform/junit-platform-launcher/1.1.1/junit-platform-launcher-1.1.1.jar:/home/doga/.m2/repository/org/apache/velocity/velocity-tools/2.0/velocity-tools-2.0.jar:/home/doga/.m2/repository/commons-beanutils/commons-beanutils/1.7.0/commons-beanutils-1.7.0.jar:/home/doga/.m2/repository/commons-digester/commons-digester/1.8/commons-digester-1.8.jar:/home/doga/.m2/repository/commons-chain/commons-chain/1.1/commons-chain-1.1.jar:/home/doga/.m2/repository/commons-collections/commons-collections/3.2/commons-collections-3.2.jar:/home/doga/.m2/repository/commons-logging/commons-logging/1.1/commons-logging-1.1.jar:/home/doga/.m2/repository/javax/servlet/servlet-api/2.3/servlet-api-2.3.jar:/home/doga/.m2/repository/commons-validator/commons-validator/1.3.1/commons-validator-1.3.1.jar:/home/doga/.m2/repository/dom4j/dom4j/1.1/dom4j-1.1.jar:/home/doga/.m2/repository/oro/oro/2.0.8/oro-2.0.8.jar:/home/doga/.m2/repository/sslext/sslext/1.2-0/sslext-1.2-0.jar:/home/doga/.m2/repository/org/apache/struts/struts-core/1.3.8/struts-core-1.3.8.jar:/home/doga/.m2/repository/antlr/antlr/2.7.2/antlr-2.7.2.jar:/home/doga/.m2/repository/org/apache/struts/struts-taglib/1.3.8/struts-taglib-1.3.8.jar:/home/doga/.m2/repository/org/apache/struts/struts-tiles/1.3.8/struts-tiles-1.3.8.jar:/home/doga/.m2/repository/org/apache/velocity/velocity/1.6.2/velocity-1.6.2.jar:/home/doga/.m2/repository/commons-lang/commons-lang/2.4/commons-lang-2.4.jar:/home/doga/.m2/repository/org/javatuples/javatuples/1.2/javatuples-1.2.jar:/home/doga/.m2/repository/javax/xml/bind/jaxb-api/2.3.0/jaxb-api-2.3.0.jar:"/>
    <property name="java.vm.vendor" value="Oracle Corporation"/>
    <property name="sun.arch.data.model" value="64"/>
    <property name="java.vendor.url" value="https://java.oracle.com/"/>
    <property name="os.name" value="Linux"/>
    <property name="java.vm.specification.version" value="13"/>
    <property name="sun.java.launcher" value="SUN_STANDARD"/>
    <property name="user.country" value="CA"/>
    <property name="sun.boot.library.path" value="/opt/jdk-13.0.1/lib"/>
    <property name="sun.java.command" value="/home/doga/testodev/tutkuOdev/scylla/target/surefire/surefirebooter11791352882588121491.jar /home/doga/testodev/tutkuOdev/scylla/target/surefire 2023-01-29T11-32-03_671-jvmRun1 surefire3798800894442412668tmp surefire_08487114548732190974tmp"/>
    <property name="jdk.debug" value="release"/>
    <property name="surefire.test.class.path" value="/home/doga/testodev/tutkuOdev/scylla/target/test-classes:/home/doga/testodev/tutkuOdev/scylla/target/classes:/home/doga/.m2/repository/org/jdom/jdom2/2.0.6/jdom2-2.0.6.jar:/home/doga/.m2/repository/org/deckfour/openxes/20160212/openxes-20160212.jar:/home/doga/.m2/repository/org/deckfour/openxes-xstream/20160212/openxes-xstream-20160212.jar:/home/doga/.m2/repository/org/deckfour/ospex/1.0/ospex-1.0.jar:/home/doga/.m2/repository/desmoj/desmoj/2.5.1/desmoj-2.5.1.jar:/home/doga/.m2/repository/org/junit/jupiter/junit-jupiter-engine/5.3.1/junit-jupiter-engine-5.3.1.jar:/home/doga/.m2/repository/org/apiguardian/apiguardian-api/1.0.0/apiguardian-api-1.0.0.jar:/home/doga/.m2/repository/org/junit/platform/junit-platform-engine/1.3.1/junit-platform-engine-1.3.1.jar:/home/doga/.m2/repository/org/junit/platform/junit-platform-commons/1.3.1/junit-platform-commons-1.3.1.jar:/home/doga/.m2/repository/org/opentest4j/opentest4j/1.1.1/opentest4j-1.1.1.jar:/home/doga/.m2/repository/org/junit/jupiter/junit-jupiter-api/5.3.1/junit-jupiter-api-5.3.1.jar:/home/doga/.m2/repository/org/junit/jupiter/junit-jupiter-params/5.3.1/junit-jupiter-params-5.3.1.jar:/home/doga/.m2/repository/org/junit/platform/junit-platform-launcher/1.1.1/junit-platform-launcher-1.1.1.jar:/home/doga/.m2/repository/org/apache/velocity/velocity-tools/2.0/velocity-tools-2.0.jar:/home/doga/.m2/repository/commons-beanutils/commons-beanutils/1.7.0/commons-beanutils-1.7.0.jar:/home/doga/.m2/repository/commons-digester/commons-digester/1.8/commons-digester-1.8.jar:/home/doga/.m2/repository/commons-chain/commons-chain/1.1/commons-chain-1.1.jar:/home/doga/.m2/repository/commons-collections/commons-collections/3.2/commons-collections-3.2.jar:/home/doga/.m2/repository/commons-logging/commons-logging/1.1/commons-logging-1.1.jar:/home/doga/.m2/repository/javax/servlet/servlet-api/2.3/servlet-api-2.3.jar:/home/doga/.m2/repository/commons-validator/commons-validator/1.3.1/commons-validator-1.3.1.jar:/home/doga/.m2/repository/dom4j/dom4j/1.1/dom4j-1.1.jar:/home/doga/.m2/repository/oro/oro/2.0.8/oro-2.0.8.jar:/home/doga/.m2/repository/sslext/sslext/1.2-0/sslext-1.2-0.jar:/home/doga/.m2/repository/org/apache/struts/struts-core/1.3.8/struts-core-1.3.8.jar:/home/doga/.m2/repository/antlr/antlr/2.7.2/antlr-2.7.2.jar:/home/doga/.m2/repository/org/apache/struts/struts-taglib/1.3.8/struts-taglib-1.3.8.jar:/home/doga/.m2/repository/org/apache/struts/struts-tiles/1.3.8/struts-tiles-1.3.8.jar:/home/doga/.m2/repository/org/apache/velocity/velocity/1.6.2/velocity-1.6.2.jar:/home/doga/.m2/repository/commons-lang/commons-lang/2.4/commons-lang-2.4.jar:/home/doga/.m2/repository/org/javatuples/javatuples/1.2/javatuples-1.2.jar:/home/doga/.m2/repository/javax/xml/bind/jaxb-api/2.3.0/jaxb-api-2.3.0.jar:"/>
    <property name="sun.cpu.endian" value="little"/>
    <property name="user.home" value="/home/doga"/>
    <property name="user.language" value="en"/>
    <property name="java.specification.vendor" value="Oracle Corporation"/>
    <property name="java.version.date" value="2019-10-15"/>
    <property name="java.home" value="/opt/jdk-13.0.1"/>
    <property name="file.separator" value="/"/>
    <property name="basedir" value="/home/doga/testodev/tutkuOdev/scylla"/>
    <property name="java.vm.compressedOopsMode" value="Zero based"/>
    <property name="line.separator" value="&#10;"/>
    <property name="java.vm.specification.vendor" value="Oracle Corporation"/>
    <property name="java.specification.name" value="Java Platform API Specification"/>
    <property name="surefire.real.class.path" value="/home/doga/testodev/tutkuOdev/scylla/target/surefire/surefirebooter11791352882588121491.jar"/>
    <property name="sun.management.compiler" value="HotSpot 64-Bit Tiered Compilers"/>
    <property name="java.runtime.version" value="13.0.1+9"/>
    <property name="user.name" value="doga"/>
    <property name="path.separator" value=":"/>
    <property name="os.version" value="5.15.0-58-generic"/>
    <property name="java.runtime.name" value="OpenJDK Runtime Environment"/>
    <property name="file.encoding" value="UTF-8"/>
    <property name="java.vm.name" value="OpenJDK 64-Bit Server VM"/>
    <property name="localRepository" value="/home/doga/.m2/repository"/>
    <property name="java.vendor.url.bug" value="https://bugreport.java.com/bugreport/"/>
    <property name="java.io.tmpdir" value="/tmp"/>
    <property name="java.version" value="13.0.1"/>
    <property name="user.dir" value="/home/doga/testodev/tutkuOdev/scylla"/>
    <property name="os.arch" value="amd64"/>
    <property name="java.vm.specification.name" value="Java Virtual Machine Specification"/>
    <property name="java.library.path" value=":/usr/local/cuda/lib64/:/usr/local/cuda/lib64/:/usr/java/packages/lib:/usr/lib64:/lib64:/lib:/usr/lib"/>
    <property name="java.vm.info" value="mixed mode, sharing"/>
    <property name="java.vendor" value="Oracle Corporation"/>
    <property name="java.vm.version" value="13.0.1+9"/>
    <property name="sun.io.unicode.encoding" value="UnicodeLittle"/>
    <property name="java.class.version" value="57.0"/>
  </properties>
  <testcase name="testFreshInstance" classname="de.hpi.bpt.scylla.test.plugin_loader.PluginNotClearedRegressionTests" time="0.004"/>
</testsuite>